2026-03-01 22:50:44,727 - Sistem basladi
2026-03-01 22:50:50,533 - Kisi tespit edildi (ID = 0)
2026-03-01 22:50:54,190 - IHLAL BASLADI (ID=0,tur = hareketsiz)
2026-03-01 22:50:55,684 - IHLAL BITTI (ID = 0,tur=hareketsiz)
2026-03-01 22:50:58,860 - IHLAL BASLADI (ID=0,tur = hareketsiz)
2026-03-01 22:51:01,391 - IHLAL BASLADÝ (ID=0,tur = goz_kapali)
2026-03-01 22:51:04,394 - IHLAL BITTI (ID = 0,tur=hareketsiz)
2026-03-01 22:51:06,441 - IHLAL BITTI (ID = 0,tur=goz_kapali)
2026-03-02 10:47:37,479 - Sistem basladi
2026-03-02 10:47:43,754 - Kisi tespit edildi (ID = 0)
2026-03-02 10:47:43,754 - Kisi tespit edildi (ID = 1)
2026-03-02 10:47:45,869 - IHLAL BASLADI (ID=1,tur = hareketsiz)
2026-03-02 10:47:45,870 - IHLAL BASLADI (ID=0,tur = hareketsiz)
2026-03-02 10:47:51,096 - IHLAL BITTI (ID = 1,tur=hareketsiz)
2026-03-02 10:47:51,494 - Kisi tespit edildi (ID = 2)
2026-03-02 10:47:51,674 - Kisi tespit edildi (ID = 3)
2026-03-02 10:47:52,868 - Kisi tespit edildi (ID = 4)
2026-03-02 10:47:53,122 - IHLAL BITTI (ID = 0,tur=hareketsiz)
2026-03-02 10:47:55,186 - IHLAL BASLADI (ID=0,tur = hareketsiz)
2026-03-02 10:47:55,379 - IHLAL BASLADI (ID=1,tur = hareketsiz)
2026-03-02 10:47:57,310 - IHLAL BASLADÝ (ID=0,tur = goz_kapali)
2026-03-02 10:47:57,310 - IHLAL BASLADÝ (ID=1,tur = goz_kapali)
2026-03-02 10:47:58,459 - IHLAL BITTI (ID = 0,tur=goz_kapali)
2026-03-02 10:47:58,459 - IHLAL BITTI (ID = 1,tur=goz_kapali)
2026-03-02 10:48:02,248 - IHLAL BITTI (ID = 0,tur=hareketsiz)
2026-03-02 10:48:04,317 - IHLAL BASLADI (ID=0,tur = hareketsiz)
2026-03-02 10:48:05,102 - IHLAL BITTI (ID = 1,tur=hareketsiz)
2026-03-02 10:48:05,364 - IHLAL BITTI (ID = 0,tur=hareketsiz)
2026-03-02 10:48:07,161 - IHLAL BASLADI (ID=1,tur = hareketsiz)
2026-03-02 10:48:07,416 - IHLAL BASLADI (ID=0,tur = hareketsiz)
2026-03-02 10:48:11,728 - IHLAL BASLADÝ (ID=0,tur = goz_kapali)
2026-03-02 10:48:11,729 - IHLAL BASLADÝ (ID=1,tur = goz_kapali)
2026-03-02 10:48:11,763 - IHLAL BITTI (ID = 0,tur=goz_kapali)
2026-03-02 10:48:11,763 - IHLAL BITTI (ID = 1,tur=goz_kapali)
2026-03-02 10:48:12,899 - Kisi tespit edildi (ID = 5)
2026-03-02 10:48:13,041 - IHLAL BITTI (ID = 1,tur=hareketsiz)
2026-03-02 10:48:13,271 - IHLAL BITTI (ID = 0,tur=hareketsiz)
2026-03-02 10:48:15,311 - IHLAL BASLADI (ID=0,tur = hareketsiz)
2026-03-02 10:48:15,733 - IHLAL BITTI (ID = 0,tur=hareketsiz)
2026-03-02 10:48:16,859 - Kisi tespit edildi (ID = 6)
2026-03-02 10:48:17,735 - Kisi tespit edildi (ID = 7)
2026-03-02 10:48:17,831 - Kisi tespit edildi (ID = 8)
2026-03-02 10:48:19,233 - Kisi tespit edildi (ID = 9)
2026-03-02 10:48:19,304 - Kisi tespit edildi (ID = 10)
2026-03-02 10:48:19,874 - Kisi tespit edildi (ID = 11)
2026-03-02 10:48:20,194 - Kisi tespit edildi (ID = 12)
2026-03-02 10:48:20,980 - Kisi tespit edildi (ID = 13)
2026-03-02 10:48:21,090 - Kisi tespit edildi (ID = 14)
2026-03-02 10:48:21,290 - Kisi tespit edildi (ID = 15)
2026-03-02 10:48:21,369 - IHLAL BASLADI (ID=10,tur = hareketsiz)
2026-03-02 10:48:21,769 - Kisi tespit edildi (ID = 16)
2026-03-02 10:48:22,294 - Kisi tespit edildi (ID = 17)
2026-03-02 10:48:22,446 - Kisi tespit edildi (ID = 18)
2026-03-02 10:48:22,595 - Kisi tespit edildi (ID = 19)
2026-03-02 10:48:23,174 - Kisi tespit edildi (ID = 20)
2026-03-02 10:48:23,433 - Kisi tespit edildi (ID = 21)
2026-03-02 10:48:23,697 - Kisi tespit edildi (ID = 22)
2026-03-02 10:48:23,953 - Kisi tespit edildi (ID = 23)
2026-03-02 10:48:24,256 - Kisi tespit edildi (ID = 24)
2026-03-02 10:48:24,446 - IHLAL BASLADI (ID=12,tur = hareketsiz)
2026-03-02 10:48:24,483 - Kisi tespit edildi (ID = 25)
2026-03-02 10:48:24,783 - Kisi tespit edildi (ID = 26)
2026-03-02 10:48:25,198 - Kisi tespit edildi (ID = 27)
2026-03-02 10:48:25,504 - Kisi tespit edildi (ID = 28)
2026-03-02 10:48:25,610 - Kisi tespit edildi (ID = 29)
2026-03-02 10:48:25,688 - Kisi tespit edildi (ID = 30)
2026-03-02 10:48:25,801 - Kisi tespit edildi (ID = 31)
2026-03-02 10:48:25,913 - Kisi tespit edildi (ID = 32)
2026-03-02 10:48:26,136 - Kisi tespit edildi (ID = 33)
2026-03-02 10:48:26,331 - Kisi tespit edildi (ID = 34)
2026-03-02 10:48:26,447 - Kisi tespit edildi (ID = 35)
2026-03-02 10:48:26,636 - Kisi tespit edildi (ID = 36)
2026-03-02 10:48:26,946 - Kisi tespit edildi (ID = 37)
2026-03-02 10:48:27,023 - Kisi tespit edildi (ID = 38)
2026-03-02 10:48:27,312 - Kisi tespit edildi (ID = 39)
2026-03-02 10:48:27,485 - Kisi tespit edildi (ID = 40)
2026-03-02 10:48:27,786 - Kisi tespit edildi (ID = 41)
2026-03-02 10:48:28,189 - Kisi tespit edildi (ID = 42)
2026-03-02 10:48:28,406 - Kisi tespit edildi (ID = 43)
2026-03-02 10:48:28,635 - Kisi tespit edildi (ID = 44)
2026-03-02 10:48:28,891 - Kisi tespit edildi (ID = 45)
2026-03-02 10:48:28,971 - Kisi tespit edildi (ID = 46)
2026-03-02 10:48:29,154 - Kisi tespit edildi (ID = 47)
2026-03-02 10:48:29,266 - Kisi tespit edildi (ID = 48)
2026-03-02 10:48:29,372 - Kisi tespit edildi (ID = 49)
2026-03-02 10:48:29,444 - Kisi tespit edildi (ID = 50)
2026-03-02 10:48:29,556 - Kisi tespit edildi (ID = 51)
2026-03-02 10:48:29,811 - Kisi tespit edildi (ID = 52)
2026-03-02 10:48:29,885 - Kisi tespit edildi (ID = 53)
2026-03-02 10:48:29,957 - Kisi tespit edildi (ID = 54)
2026-03-02 10:48:30,135 - Kisi tespit edildi (ID = 55)
2026-03-02 10:48:30,692 - Kisi tespit edildi (ID = 56)
2026-03-02 10:48:31,013 - Kisi tespit edildi (ID = 57)
2026-03-02 10:48:31,319 - Kisi tespit edildi (ID = 58)
2026-03-02 10:48:31,433 - Kisi tespit edildi (ID = 59)
2026-03-02 10:48:31,538 - IHLAL BITTI (ID = 12,tur=hareketsiz)
2026-03-02 10:48:31,726 - Kisi tespit edildi (ID = 60)
2026-03-02 10:48:32,445 - Kisi tespit edildi (ID = 61)
2026-03-02 10:48:32,905 - IHLAL BITTI (ID = 10,tur=hareketsiz)
2026-03-02 10:48:33,863 - IHLAL BASLADI (ID=12,tur = hareketsiz)
2026-03-02 10:48:34,240 - IHLAL BITTI (ID = 12,tur=hareketsiz)
2026-03-02 10:48:34,627 - Kisi tespit edildi (ID = 62)
2026-03-02 10:48:35,327 - Kisi tespit edildi (ID = 63)
2026-03-02 10:48:35,673 - IHLAL BASLADI (ID=10,tur = hareketsiz)
2026-03-02 10:48:35,714 - IHLAL BITTI (ID = 10,tur=hareketsiz)
2026-03-02 10:48:35,754 - Kisi tespit edildi (ID = 64)
2026-03-02 10:48:35,907 - Kisi tespit edildi (ID = 65)
2026-03-02 10:48:36,161 - Kisi tespit edildi (ID = 66)
2026-03-02 10:48:36,348 - Kisi tespit edildi (ID = 67)
2026-03-02 10:48:36,491 - Kisi tespit edildi (ID = 68)
2026-03-02 10:48:36,945 - Kisi tespit edildi (ID = 69)
2026-03-02 10:48:37,672 - Kisi tespit edildi (ID = 70)
2026-03-02 10:48:37,672 - Kisi tespit edildi (ID = 71)
2026-03-02 10:48:38,008 - Kisi tespit edildi (ID = 72)
2026-03-02 10:48:39,202 - Kisi tespit edildi (ID = 73)
2026-03-02 10:48:39,309 - Kisi tespit edildi (ID = 74)
2026-03-02 10:48:39,388 - Kisi tespit edildi (ID = 75)
2026-03-02 10:48:39,461 - Kisi tespit edildi (ID = 76)
2026-03-02 10:48:39,501 - IHLAL BASLADI (ID=10,tur = hareketsiz)
2026-03-02 10:48:39,572 - Kisi tespit edildi (ID = 77)
2026-03-02 10:48:39,759 - Kisi tespit edildi (ID = 78)
2026-03-02 10:48:39,870 - Kisi tespit edildi (ID = 79)
2026-03-02 10:48:40,445 - Kisi tespit edildi (ID = 80)
2026-03-02 10:48:41,306 - Kisi tespit edildi (ID = 81)
2026-03-02 10:48:41,619 - IHLAL BASLADI (ID=70,tur = hareketsiz)
2026-03-02 10:48:42,920 - Kisi tespit edildi (ID = 82)
2026-03-02 10:48:43,081 - Kisi tespit edildi (ID = 83)
2026-03-02 10:48:43,527 - Kisi tespit edildi (ID = 84)
2026-03-02 10:48:43,995 - Kisi tespit edildi (ID = 85)
2026-03-02 10:48:44,179 - Kisi tespit edildi (ID = 86)
2026-03-02 10:48:44,254 - Kisi tespit edildi (ID = 87)
2026-03-02 10:48:44,404 - Kisi tespit edildi (ID = 88)
2026-03-02 10:48:44,547 - Kisi tespit edildi (ID = 89)
2026-03-02 10:48:44,765 - Kisi tespit edildi (ID = 90)
2026-03-02 10:48:44,873 - Kisi tespit edildi (ID = 91)
2026-03-02 10:48:44,947 - Kisi tespit edildi (ID = 92)
2026-03-02 10:48:45,021 - Kisi tespit edildi (ID = 93)
2026-03-02 10:48:45,096 - Kisi tespit edildi (ID = 94)
2026-03-02 10:48:45,277 - Kisi tespit edildi (ID = 95)
2026-03-02 10:48:45,672 - Kisi tespit edildi (ID = 96)
2026-03-02 10:48:45,747 - Kisi tespit edildi (ID = 97)
2026-03-02 10:48:45,859 - Kisi tespit edildi (ID = 98)
2026-03-02 10:48:47,172 - Kisi tespit edildi (ID = 99)
2026-03-02 10:48:47,354 - Kisi tespit edildi (ID = 100)
2026-03-02 10:48:47,608 - Kisi tespit edildi (ID = 101)
2026-03-02 10:48:47,953 - Kisi tespit edildi (ID = 102)
2026-03-02 10:48:48,065 - Kisi tespit edildi (ID = 103)
2026-03-02 10:48:48,939 - Kisi tespit edildi (ID = 104)
2026-03-02 10:48:51,298 - Kisi tespit edildi (ID = 105)
2026-03-02 10:48:51,739 - Kisi tespit edildi (ID = 106)
2026-03-02 10:48:52,529 - Kisi tespit edildi (ID = 107)
2026-03-02 10:48:52,605 - Kisi tespit edildi (ID = 108)
2026-03-02 10:48:52,735 - Kisi tespit edildi (ID = 109)
2026-03-02 10:48:52,886 - IHLAL BITTI (ID = 10,tur=hareketsiz)
2026-03-02 10:48:52,937 - Kisi tespit edildi (ID = 110)
2026-03-02 10:48:52,985 - IHLAL BITTI (ID = 70,tur=hareketsiz)
2026-03-02 10:48:53,226 - Kisi tespit edildi (ID = 111)
2026-03-02 10:48:53,323 - Kisi tespit edildi (ID = 112)
2026-03-02 10:48:53,461 - Kisi tespit edildi (ID = 113)
2026-03-02 10:48:54,421 - Kisi tespit edildi (ID = 114)
2026-03-02 10:48:54,529 - Kisi tespit edildi (ID = 115)
2026-03-02 10:48:57,616 - IHLAL BASLADI (ID=70,tur = hareketsiz)
2026-03-02 10:48:58,881 - Kisi tespit edildi (ID = 116)
2026-03-02 10:48:59,467 - IHLAL BASLADI (ID=10,tur = hareketsiz)
2026-03-02 10:48:59,845 - IHLAL BITTI (ID = 10,tur=hareketsiz)
2026-03-02 10:49:00,348 - Kisi tespit edildi (ID = 117)
2026-03-02 10:49:00,429 - Kisi tespit edildi (ID = 118)
2026-03-02 10:49:00,709 - Kisi tespit edildi (ID = 119)
2026-03-02 10:49:00,906 - Kisi tespit edildi (ID = 120)
2026-03-02 10:49:01,060 - Kisi tespit edildi (ID = 121)
2026-03-02 10:49:01,259 - Kisi tespit edildi (ID = 122)
2026-03-02 10:49:01,449 - IHLAL BITTI (ID = 70,tur=hareketsiz)
2026-03-02 10:49:01,916 - IHLAL BASLADI (ID=10,tur = hareketsiz)
2026-03-02 10:49:01,916 - Kisi tespit edildi (ID = 123)
2026-03-02 10:49:02,146 - Kisi tespit edildi (ID = 124)
2026-03-02 10:49:02,187 - Kisi tespit edildi (ID = 125)
2026-03-02 10:49:02,311 - IHLAL BITTI (ID = 10,tur=hareketsiz)
2026-03-02 10:49:02,560 - Kisi tespit edildi (ID = 126)
2026-03-02 10:49:02,746 - Kisi tespit edildi (ID = 127)
2026-03-02 10:49:02,993 - Kisi tespit edildi (ID = 128)
2026-03-02 10:49:03,031 - Kisi tespit edildi (ID = 129)
2026-03-02 10:49:04,481 - Kisi tespit edildi (ID = 130)
2026-03-02 10:49:04,770 - Kisi tespit edildi (ID = 131)
2026-03-02 10:49:05,106 - Kisi tespit edildi (ID = 132)
2026-03-02 10:49:07,456 - IHLAL BASLADI (ID=129,tur = hareketsiz)
2026-03-02 10:49:07,724 - IHLAL BASLADI (ID=10,tur = hareketsiz)
2026-03-02 10:49:10,771 - Kisi tespit edildi (ID = 133)
2026-03-02 10:49:11,069 - IHLAL BITTI (ID = 10,tur=hareketsiz)
2026-03-02 10:49:11,175 - Kisi tespit edildi (ID = 134)
2026-03-02 10:49:11,371 - Kisi tespit edildi (ID = 135)
2026-03-02 10:49:11,997 - Kisi tespit edildi (ID = 136)
2026-03-02 10:49:12,261 - Kisi tespit edildi (ID = 137)
2026-03-02 10:49:12,529 - IHLAL BITTI (ID = 129,tur=hareketsiz)
2026-03-02 10:49:13,224 - Kisi tespit edildi (ID = 138)
2026-03-02 10:49:13,337 - Kisi tespit edildi (ID = 139)
2026-03-02 10:49:13,449 - Kisi tespit edildi (ID = 140)
2026-03-02 10:49:13,526 - Kisi tespit edildi (ID = 141)
2026-03-02 10:49:13,684 - Kisi tespit edildi (ID = 142)
2026-03-02 10:49:13,838 - Kisi tespit edildi (ID = 143)
2026-03-02 10:49:13,914 - Kisi tespit edildi (ID = 144)
2026-03-02 10:49:14,222 - Kisi tespit edildi (ID = 145)
2026-03-02 10:49:14,340 - Kisi tespit edildi (ID = 146)
2026-03-02 10:49:14,459 - Kisi tespit edildi (ID = 147)
2026-03-02 10:49:14,531 - Kisi tespit edildi (ID = 148)
2026-03-02 10:49:14,607 - Kisi tespit edildi (ID = 149)
2026-03-02 10:49:14,841 - Kisi tespit edildi (ID = 150)
2026-03-02 10:49:15,136 - IHLAL BASLADI (ID=10,tur = hareketsiz)
2026-03-02 10:49:15,136 - Kisi tespit edildi (ID = 151)
2026-03-02 10:49:15,570 - Kisi tespit edildi (ID = 152)
2026-03-02 10:49:15,704 - Kisi tespit edildi (ID = 153)
2026-03-02 10:49:15,873 - Kisi tespit edildi (ID = 154)
2026-03-02 10:49:16,105 - Kisi tespit edildi (ID = 155)
2026-03-02 10:49:16,175 - Kisi tespit edildi (ID = 156)
2026-03-02 10:49:16,244 - Kisi tespit edildi (ID = 157)
2026-03-02 10:49:16,347 - Kisi tespit edildi (ID = 158)
2026-03-02 10:49:16,590 - Kisi tespit edildi (ID = 159)
2026-03-02 10:49:16,700 - IHLAL BASLADI (ID=129,tur = hareketsiz)
2026-03-02 10:49:16,733 - Kisi tespit edildi (ID = 160)
2026-03-02 10:49:16,865 - Kisi tespit edildi (ID = 161)
2026-03-02 10:49:16,933 - Kisi tespit edildi (ID = 162)
2026-03-02 10:49:17,101 - Kisi tespit edildi (ID = 163)
2026-03-02 10:49:17,169 - Kisi tespit edildi (ID = 164)
2026-03-02 10:49:17,312 - Kisi tespit edildi (ID = 165)
2026-03-02 10:49:17,428 - Kisi tespit edildi (ID = 166)
2026-03-02 10:49:17,550 - Kisi tespit edildi (ID = 167)
2026-03-02 10:49:17,667 - Kisi tespit edildi (ID = 168)
2026-03-02 10:49:17,856 - Kisi tespit edildi (ID = 169)
2026-03-02 10:49:18,128 - Kisi tespit edildi (ID = 170)
2026-03-02 10:49:18,263 - Kisi tespit edildi (ID = 171)
2026-03-02 10:49:18,768 - Kisi tespit edildi (ID = 172)
2026-03-02 10:49:18,832 - Kisi tespit edildi (ID = 173)
2026-03-02 10:49:18,993 - Kisi tespit edildi (ID = 174)
2026-03-02 10:49:19,138 - IHLAL BITTI (ID = 10,tur=hareketsiz)
2026-03-02 10:49:19,139 - Kisi tespit edildi (ID = 175)
2026-03-02 10:49:19,244 - Kisi tespit edildi (ID = 176)
2026-03-02 10:49:19,351 - Kisi tespit edildi (ID = 177)
2026-03-02 10:49:19,526 - Kisi tespit edildi (ID = 178)
2026-03-02 10:49:19,597 - Kisi tespit edildi (ID = 179)
2026-03-02 10:49:19,900 - Kisi tespit edildi (ID = 180)
2026-03-02 10:49:20,033 - Kisi tespit edildi (ID = 181)
2026-03-02 10:49:20,264 - Kisi tespit edildi (ID = 182)
2026-03-02 10:49:20,340 - Kisi tespit edildi (ID = 183)
2026-03-02 10:49:20,499 - Kisi tespit edildi (ID = 184)
2026-03-02 10:49:20,603 - Kisi tespit edildi (ID = 185)
2026-03-02 10:49:20,810 - Kisi tespit edildi (ID = 186)
2026-03-02 10:49:20,982 - Kisi tespit edildi (ID = 187)
2026-03-02 10:49:21,049 - Kisi tespit edildi (ID = 188)
2026-03-02 10:49:21,118 - Kisi tespit edildi (ID = 189)
2026-03-02 10:49:21,190 - IHLAL BASLADI (ID=10,tur = hareketsiz)
2026-03-02 10:49:21,292 - Kisi tespit edildi (ID = 190)
2026-03-02 10:49:21,393 - Kisi tespit edildi (ID = 191)
2026-03-02 10:49:21,461 - Kisi tespit edildi (ID = 192)
2026-03-02 10:49:21,603 - Kisi tespit edildi (ID = 193)
2026-03-02 10:49:21,718 - Kisi tespit edildi (ID = 194)
2026-03-02 10:49:21,790 - Kisi tespit edildi (ID = 195)
2026-03-02 10:49:21,896 - Kisi tespit edildi (ID = 196)
2026-03-02 10:49:22,110 - Kisi tespit edildi (ID = 197)
2026-03-02 10:49:22,316 - Kisi tespit edildi (ID = 198)
2026-03-02 10:49:22,422 - Kisi tespit edildi (ID = 199)
2026-03-02 10:49:22,524 - Kisi tespit edildi (ID = 200)
2026-03-02 10:49:22,695 - Kisi tespit edildi (ID = 201)
2026-03-02 10:49:22,798 - Kisi tespit edildi (ID = 202)
2026-03-02 10:49:22,928 - Kisi tespit edildi (ID = 203)
2026-03-02 10:49:23,233 - IHLAL BITTI (ID = 10,tur=hareketsiz)
2026-03-02 10:49:23,233 - Kisi tespit edildi (ID = 204)
2026-03-02 10:49:23,332 - Kisi tespit edildi (ID = 205)
2026-03-02 10:49:23,640 - Kisi tespit edildi (ID = 206)
2026-03-02 10:49:23,952 - Kisi tespit edildi (ID = 207)
2026-03-02 10:49:24,059 - Kisi tespit edildi (ID = 208)
2026-03-02 10:49:27,735 - Kisi tespit edildi (ID = 209)
2026-03-02 10:49:27,969 - Kisi tespit edildi (ID = 210)
2026-03-02 10:49:28,332 - Kisi tespit edildi (ID = 211)
2026-03-02 10:49:28,495 - Kisi tespit edildi (ID = 212)
2026-03-02 10:49:28,561 - Kisi tespit edildi (ID = 213)
2026-03-02 10:49:28,730 - Kisi tespit edildi (ID = 214)
2026-03-02 10:49:28,991 - Kisi tespit edildi (ID = 215)
2026-03-02 10:49:29,131 - Kisi tespit edildi (ID = 216)
2026-03-02 10:49:29,228 - Kisi tespit edildi (ID = 217)
2026-03-02 10:49:29,583 - Kisi tespit edildi (ID = 218)
2026-03-02 10:49:29,926 - Kisi tespit edildi (ID = 219)
2026-03-02 10:49:30,333 - Kisi tespit edildi (ID = 220)
2026-03-02 10:49:30,399 - Kisi tespit edildi (ID = 221)
2026-03-02 10:49:30,918 - Kisi tespit edildi (ID = 222)
2026-03-02 10:49:32,623 - Kisi tespit edildi (ID = 223)
2026-03-02 10:49:32,728 - Kisi tespit edildi (ID = 224)
2026-03-02 10:49:33,038 - Kisi tespit edildi (ID = 225)
2026-03-02 10:49:33,360 - Kisi tespit edildi (ID = 226)
2026-03-02 10:49:33,391 - IHLAL BASLADI (ID=10,tur = hareketsiz)
2026-03-02 10:49:33,898 - Kisi tespit edildi (ID = 227)
2026-03-02 10:49:34,825 - IHLAL BITTI (ID = 10,tur=hareketsiz)
2026-03-02 10:49:34,858 - Kisi tespit edildi (ID = 228)
2026-03-02 10:49:35,167 - Kisi tespit edildi (ID = 229)
2026-03-02 10:49:35,282 - Kisi tespit edildi (ID = 230)
2026-03-02 10:49:35,386 - Kisi tespit edildi (ID = 231)
2026-03-02 10:49:41,316 - IHLAL BITTI (ID = 129,tur=hareketsiz)
2026-03-02 10:49:41,922 - Kisi tespit edildi (ID = 232)
2026-03-02 10:49:43,402 - IHLAL BASLADI (ID=129,tur = hareketsiz)
2026-03-02 10:49:44,696 - IHLAL BITTI (ID = 129,tur=hareketsiz)
2026-03-02 10:49:46,663 - Kisi tespit edildi (ID = 233)
2026-03-02 10:49:48,366 - Kisi tespit edildi (ID = 234)
2026-03-02 10:49:48,528 - Kisi tespit edildi (ID = 235)
2026-03-02 10:49:48,591 - Kisi tespit edildi (ID = 236)
2026-03-02 10:49:48,591 - Kisi tespit edildi (ID = 237)
2026-03-02 10:49:48,625 - Kisi tespit edildi (ID = 238)
2026-03-02 10:49:48,895 - Kisi tespit edildi (ID = 239)
2026-03-02 10:49:49,062 - Kisi tespit edildi (ID = 240)
2026-03-02 10:49:49,166 - Kisi tespit edildi (ID = 241)
2026-03-02 10:49:49,328 - Kisi tespit edildi (ID = 242)
2026-03-02 10:49:49,397 - IHLAL BASLADI (ID=129,tur = hareketsiz)
2026-03-02 10:49:49,397 - Kisi tespit edildi (ID = 243)
2026-03-02 10:49:49,643 - Kisi tespit edildi (ID = 244)
2026-03-02 10:49:50,095 - Kisi tespit edildi (ID = 245)
2026-03-02 10:49:50,251 - IHLAL BITTI (ID = 129,tur=hareketsiz)
2026-03-02 10:49:50,405 - Kisi tespit edildi (ID = 246)
2026-03-02 10:49:52,956 - Kisi tespit edildi (ID = 247)
2026-03-02 10:49:53,023 - Kisi tespit edildi (ID = 248)
2026-03-02 10:49:53,226 - Kisi tespit edildi (ID = 249)
2026-03-02 10:49:55,778 - IHLAL BASLADI (ID=249,tur = hareketsiz)
2026-03-02 10:49:55,976 - IHLAL BITTI (ID = 249,tur=hareketsiz)
2026-03-02 10:49:59,580 - IHLAL BASLADI (ID=249,tur = hareketsiz)
2026-03-02 10:50:02,397 - IHLAL BITTI (ID = 249,tur=hareketsiz)
2026-03-02 10:50:04,849 - IHLAL BASLADI (ID=249,tur = hareketsiz)
2026-03-02 10:50:05,293 - IHLAL BASLADI (ID=244,tur = hareketsiz)
2026-03-02 10:50:05,441 - IHLAL BITTI (ID = 244,tur=hareketsiz)
2026-03-02 10:50:08,797 - IHLAL BITTI (ID = 249,tur=hareketsiz)
2026-03-02 10:50:11,437 - IHLAL BASLADI (ID=249,tur = hareketsiz)
2026-03-02 10:50:13,996 - IHLAL BASLADI (ID=244,tur = hareketsiz)
2026-03-02 10:50:15,861 - IHLAL BITTI (ID = 244,tur=hareketsiz)
2026-03-02 10:50:16,028 - IHLAL BITTI (ID = 249,tur=hareketsiz)
2026-03-02 10:50:17,589 - Kisi tespit edildi (ID = 250)
2026-03-02 10:50:20,491 - IHLAL BASLADI (ID=249,tur = hareketsiz)
2026-03-02 10:50:23,129 - IHLAL BITTI (ID = 249,tur=hareketsiz)
2026-03-02 10:50:24,734 - Kisi tespit edildi (ID = 251)
2026-03-02 10:50:25,669 - IHLAL BASLADI (ID=249,tur = hareketsiz)
2026-03-02 10:50:26,757 - Kisi tespit edildi (ID = 252)
2026-03-02 10:50:26,870 - IHLAL BITTI (ID = 249,tur=hareketsiz)
2026-03-02 10:50:27,057 - Kisi tespit edildi (ID = 253)
2026-03-02 10:50:27,694 - Kisi tespit edildi (ID = 254)
2026-03-02 10:50:27,911 - Kisi tespit edildi (ID = 255)
2026-03-02 10:50:27,990 - Kisi tespit edildi (ID = 256)
2026-03-02 10:50:28,403 - Kisi tespit edildi (ID = 257)
2026-03-02 10:50:29,073 - Kisi tespit edildi (ID = 258)
2026-03-02 10:50:29,327 - Kisi tespit edildi (ID = 259)
2026-03-02 10:50:29,534 - Kisi tespit edildi (ID = 260)
2026-03-02 10:50:29,640 - Kisi tespit edildi (ID = 261)
2026-03-02 10:50:29,735 - Kisi tespit edildi (ID = 262)
2026-03-02 10:50:29,770 - Kisi tespit edildi (ID = 263)
2026-03-02 10:50:29,868 - Kisi tespit edildi (ID = 264)
2026-03-02 10:50:29,932 - Kisi tespit edildi (ID = 265)
2026-03-02 10:50:30,061 - Kisi tespit edildi (ID = 266)
2026-03-02 10:50:30,095 - Kisi tespit edildi (ID = 267)
2026-03-02 10:50:30,127 - Kisi tespit edildi (ID = 268)
2026-03-02 10:50:30,229 - Kisi tespit edildi (ID = 269)
2026-03-02 10:50:30,330 - Kisi tespit edildi (ID = 270)
2026-03-02 10:50:30,397 - Kisi tespit edildi (ID = 271)
2026-03-02 10:50:31,002 - Kisi tespit edildi (ID = 272)
2026-03-02 10:50:31,075 - Kisi tespit edildi (ID = 273)
2026-03-02 10:50:31,187 - Kisi tespit edildi (ID = 274)
2026-03-02 10:50:31,336 - Kisi tespit edildi (ID = 275)
2026-03-02 10:50:31,415 - Kisi tespit edildi (ID = 276)
2026-03-02 10:50:31,642 - Kisi tespit edildi (ID = 277)
2026-03-02 10:50:31,643 - Kisi tespit edildi (ID = 278)
2026-03-02 10:50:31,969 - Kisi tespit edildi (ID = 279)
2026-03-02 10:50:32,042 - Kisi tespit edildi (ID = 280)
2026-03-02 10:50:32,159 - Kisi tespit edildi (ID = 281)
2026-03-02 10:50:32,272 - Kisi tespit edildi (ID = 282)
2026-03-02 10:50:32,801 - Kisi tespit edildi (ID = 283)
2026-03-02 10:50:33,463 - Kisi tespit edildi (ID = 284)
2026-03-02 10:50:34,004 - IHLAL BASLADI (ID=244,tur = hareketsiz)
2026-03-02 10:50:34,432 - IHLAL BASLADÝ (ID=244,tur = goz_kapali)
2026-03-02 10:50:34,657 - Kisi tespit edildi (ID = 285)
2026-03-02 10:50:34,695 - Kisi tespit edildi (ID = 286)
2026-03-02 10:50:34,736 - IHLAL BITTI (ID = 244,tur=goz_kapali)
2026-03-02 10:50:34,811 - Kisi tespit edildi (ID = 287)
2026-03-02 10:50:34,964 - Kisi tespit edildi (ID = 288)
2026-03-02 10:50:35,117 - Kisi tespit edildi (ID = 289)
2026-03-02 10:50:35,117 - Kisi tespit edildi (ID = 290)
2026-03-02 10:50:35,348 - Kisi tespit edildi (ID = 291)
2026-03-02 10:50:35,423 - Kisi tespit edildi (ID = 292)
2026-03-02 10:50:35,423 - Kisi tespit edildi (ID = 293)
2026-03-02 10:50:35,616 - Kisi tespit edildi (ID = 294)
2026-03-02 10:50:35,695 - Kisi tespit edildi (ID = 295)
2026-03-02 10:50:35,770 - Kisi tespit edildi (ID = 296)
2026-03-02 10:50:35,770 - Kisi tespit edildi (ID = 297)
2026-03-02 10:50:35,892 - Kisi tespit edildi (ID = 298)
2026-03-02 10:50:36,161 - Kisi tespit edildi (ID = 299)
2026-03-02 10:50:36,241 - Kisi tespit edildi (ID = 300)
2026-03-02 10:50:36,580 - Kisi tespit edildi (ID = 301)
2026-03-02 10:50:36,856 - Kisi tespit edildi (ID = 302)
2026-03-02 10:50:36,933 - Kisi tespit edildi (ID = 303)
2026-03-02 10:50:37,193 - IHLAL BITTI (ID = 244,tur=hareketsiz)
2026-03-02 10:50:37,194 - IHLAL BASLADI (ID=283,tur = hareketsiz)
2026-03-02 10:50:37,967 - Kisi tespit edildi (ID = 304)
2026-03-02 10:50:38,001 - Kisi tespit edildi (ID = 305)
2026-03-02 10:50:38,103 - Kisi tespit edildi (ID = 306)
2026-03-02 10:50:38,267 - Kisi tespit edildi (ID = 307)
2026-03-02 10:50:38,376 - IHLAL BITTI (ID = 283,tur=hareketsiz)
2026-03-02 10:50:38,892 - Kisi tespit edildi (ID = 308)
2026-03-02 10:50:38,957 - Kisi tespit edildi (ID = 309)
2026-03-02 10:50:38,992 - Kisi tespit edildi (ID = 310)
2026-03-02 10:50:39,219 - Kisi tespit edildi (ID = 311)
2026-03-02 10:50:39,620 - Kisi tespit edildi (ID = 312)
2026-03-02 10:50:39,674 - Kisi tespit edildi (ID = 313)
2026-03-02 10:50:39,818 - Kisi tespit edildi (ID = 314)
2026-03-02 10:50:40,044 - Kisi tespit edildi (ID = 315)
2026-03-02 10:50:40,140 - Kisi tespit edildi (ID = 316)
2026-03-02 10:50:40,233 - Kisi tespit edildi (ID = 317)
2026-03-02 10:50:40,510 - Kisi tespit edildi (ID = 318)
2026-03-02 10:50:40,629 - Kisi tespit edildi (ID = 319)
2026-03-02 10:50:41,219 - Kisi tespit edildi (ID = 320)
2026-03-02 10:50:41,478 - Kisi tespit edildi (ID = 321)
2026-03-02 10:50:41,543 - Kisi tespit edildi (ID = 322)
2026-03-02 10:50:41,708 - Kisi tespit edildi (ID = 323)
2026-03-02 10:50:41,772 - Kisi tespit edildi (ID = 324)
2026-03-02 10:50:41,803 - Kisi tespit edildi (ID = 325)
2026-03-02 10:50:41,868 - Kisi tespit edildi (ID = 326)
2026-03-02 10:50:41,900 - Kisi tespit edildi (ID = 327)
2026-03-02 10:50:42,588 - Kisi tespit edildi (ID = 328)
2026-03-02 10:50:42,751 - Kisi tespit edildi (ID = 329)
2026-03-02 10:50:43,120 - Kisi tespit edildi (ID = 330)
2026-03-02 10:50:43,156 - Kisi tespit edildi (ID = 331)
2026-03-02 10:50:43,156 - Kisi tespit edildi (ID = 332)
2026-03-02 10:50:43,256 - Kisi tespit edildi (ID = 333)
2026-03-02 10:50:43,256 - Kisi tespit edildi (ID = 334)
2026-03-02 10:50:43,334 - Kisi tespit edildi (ID = 335)
2026-03-02 10:50:43,379 - Kisi tespit edildi (ID = 336)
2026-03-02 10:50:43,767 - Kisi tespit edildi (ID = 337)
2026-03-02 10:50:43,898 - Kisi tespit edildi (ID = 338)
2026-03-02 10:50:43,931 - Kisi tespit edildi (ID = 339)
2026-03-02 10:50:43,964 - Kisi tespit edildi (ID = 340)
2026-03-02 10:50:43,964 - Kisi tespit edildi (ID = 341)
2026-03-02 10:50:44,293 - Kisi tespit edildi (ID = 342)
2026-03-02 10:50:44,364 - Kisi tespit edildi (ID = 343)
2026-03-02 10:50:44,428 - Kisi tespit edildi (ID = 344)
2026-03-02 10:50:44,492 - Kisi tespit edildi (ID = 345)
2026-03-02 10:50:44,589 - Kisi tespit edildi (ID = 346)
2026-03-02 10:50:44,655 - Kisi tespit edildi (ID = 347)
2026-03-02 10:50:44,723 - Kisi tespit edildi (ID = 348)
2026-03-02 10:50:44,827 - Kisi tespit edildi (ID = 349)
2026-03-02 10:50:44,893 - Kisi tespit edildi (ID = 350)
2026-03-02 10:50:44,960 - Kisi tespit edildi (ID = 351)
2026-03-02 10:50:45,066 - Kisi tespit edildi (ID = 352)
2026-03-02 10:50:45,260 - Kisi tespit edildi (ID = 353)
2026-03-02 10:50:45,324 - Kisi tespit edildi (ID = 354)
2026-03-02 10:50:45,393 - Kisi tespit edildi (ID = 355)
2026-03-02 10:50:45,563 - Kisi tespit edildi (ID = 356)
2026-03-02 10:50:45,631 - Kisi tespit edildi (ID = 357)
2026-03-02 10:50:45,631 - Kisi tespit edildi (ID = 358)
2026-03-02 10:50:45,815 - Kisi tespit edildi (ID = 359)
2026-03-02 10:50:45,944 - Kisi tespit edildi (ID = 360)
2026-03-02 10:50:46,266 - Kisi tespit edildi (ID = 361)
2026-03-02 10:50:46,341 - Kisi tespit edildi (ID = 362)
2026-03-02 10:50:46,507 - Kisi tespit edildi (ID = 363)
2026-03-02 10:50:46,617 - Kisi tespit edildi (ID = 364)
2026-03-02 10:50:46,692 - Kisi tespit edildi (ID = 365)
2026-03-02 10:50:46,692 - Kisi tespit edildi (ID = 366)
2026-03-02 10:50:46,760 - Kisi tespit edildi (ID = 367)
2026-03-02 10:50:47,156 - Kisi tespit edildi (ID = 368)
2026-03-02 10:50:47,452 - Kisi tespit edildi (ID = 369)
2026-03-02 10:50:48,144 - Kisi tespit edildi (ID = 370)
2026-03-02 10:50:48,735 - Kisi tespit edildi (ID = 371)
2026-03-02 10:50:48,863 - Kisi tespit edildi (ID = 372)
2026-03-02 10:50:49,099 - Kisi tespit edildi (ID = 373)
2026-03-02 10:50:49,166 - Kisi tespit edildi (ID = 374)
2026-03-02 10:50:49,302 - Kisi tespit edildi (ID = 375)
2026-03-02 10:50:49,736 - IHLAL BASLADI (ID=244,tur = hareketsiz)
2026-03-02 10:50:51,570 - IHLAL BITTI (ID = 244,tur=hareketsiz)
2026-03-02 10:50:55,293 - IHLAL BASLADI (ID=375,tur = hareketsiz)
2026-03-02 10:50:55,765 - IHLAL BITTI (ID = 375,tur=hareketsiz)
2026-03-02 10:50:55,835 - Kisi tespit edildi (ID = 376)
2026-03-02 10:50:55,902 - Kisi tespit edildi (ID = 377)
2026-03-02 10:50:56,005 - IHLAL BASLADI (ID=244,tur = hareketsiz)
2026-03-02 10:50:56,831 - IHLAL BITTI (ID = 244,tur=hareketsiz)
2026-03-02 10:50:57,517 - Kisi tespit edildi (ID = 378)
2026-03-02 10:50:57,713 - Kisi tespit edildi (ID = 379)
2026-03-02 10:50:57,867 - Kisi tespit edildi (ID = 380)
2026-03-02 10:50:58,474 - Kisi tespit edildi (ID = 381)
2026-03-02 10:50:58,968 - Kisi tespit edildi (ID = 382)
2026-03-02 10:50:59,167 - Kisi tespit edildi (ID = 383)
2026-03-02 10:51:00,616 - Kisi tespit edildi (ID = 384)
2026-03-02 10:51:01,019 - IHLAL BASLADI (ID=362,tur = hareketsiz)
2026-03-02 10:51:01,100 - Kisi tespit edildi (ID = 385)
2026-03-02 10:51:02,731 - Kisi tespit edildi (ID = 386)
2026-03-02 10:51:02,768 - Kisi tespit edildi (ID = 387)
2026-03-02 10:51:03,716 - IHLAL BITTI (ID = 362,tur=hareketsiz)
2026-03-02 10:51:03,716 - Kisi tespit edildi (ID = 388)
2026-03-02 10:51:03,784 - Kisi tespit edildi (ID = 389)
2026-03-02 10:51:05,353 - IHLAL BASLADI (ID=244,tur = hareketsiz)
2026-03-02 10:51:05,779 - IHLAL BASLADI (ID=362,tur = hareketsiz)
2026-03-02 10:51:05,844 - IHLAL BASLADI (ID=389,tur = hareketsiz)
2026-03-02 10:51:06,245 - IHLAL BITTI (ID = 362,tur=hareketsiz)
2026-03-02 10:51:06,956 - Kisi tespit edildi (ID = 390)
2026-03-02 10:51:08,462 - IHLAL BITTI (ID = 244,tur=hareketsiz)
2026-03-02 10:51:08,832 - IHLAL BITTI (ID = 389,tur=hareketsiz)
2026-03-02 10:51:09,500 - Kisi tespit edildi (ID = 391)
2026-03-02 10:51:09,567 - Kisi tespit edildi (ID = 392)
2026-03-02 10:51:09,694 - Kisi tespit edildi (ID = 393)
2026-03-02 10:51:09,724 - Kisi tespit edildi (ID = 394)
2026-03-02 10:51:09,808 - Kisi tespit edildi (ID = 395)
2026-03-02 10:51:09,874 - Kisi tespit edildi (ID = 396)
2026-03-02 10:51:09,968 - Kisi tespit edildi (ID = 397)
2026-03-02 10:51:10,064 - Kisi tespit edildi (ID = 398)
2026-03-02 10:51:10,209 - Kisi tespit edildi (ID = 399)
2026-03-02 10:51:10,442 - Kisi tespit edildi (ID = 400)
2026-03-02 10:51:10,499 - IHLAL BASLADI (ID=244,tur = hareketsiz)
2026-03-02 10:51:10,529 - Kisi tespit edildi (ID = 401)
2026-03-02 10:51:10,767 - Kisi tespit edildi (ID = 402)
2026-03-02 10:51:10,869 - Kisi tespit edildi (ID = 403)
2026-03-02 10:51:10,983 - Kisi tespit edildi (ID = 404)
2026-03-02 10:51:11,055 - IHLAL BASLADI (ID=362,tur = hareketsiz)
2026-03-02 10:51:11,264 - Kisi tespit edildi (ID = 405)
2026-03-02 10:51:11,370 - Kisi tespit edildi (ID = 406)
2026-03-02 10:51:11,490 - Kisi tespit edildi (ID = 407)
2026-03-02 10:51:11,563 - IHLAL BITTI (ID = 244,tur=hareketsiz)
2026-03-02 10:51:11,599 - IHLAL BITTI (ID = 362,tur=hareketsiz)
2026-03-02 10:51:11,634 - Kisi tespit edildi (ID = 408)
2026-03-02 10:51:13,327 - Kisi tespit edildi (ID = 409)
2026-03-02 10:51:13,407 - Kisi tespit edildi (ID = 410)
2026-03-02 10:51:13,482 - Kisi tespit edildi (ID = 411)
2026-03-02 10:51:13,603 - Kisi tespit edildi (ID = 412)
2026-03-02 10:51:13,716 - Kisi tespit edildi (ID = 413)
2026-03-02 10:51:14,228 - Kisi tespit edildi (ID = 414)
2026-03-02 10:51:15,004 - Kisi tespit edildi (ID = 415)
2026-03-02 10:51:15,039 - Kisi tespit edildi (ID = 416)
2026-03-02 10:51:15,762 - Kisi tespit edildi (ID = 417)
2026-03-02 10:51:15,834 - Kisi tespit edildi (ID = 418)
2026-03-02 10:51:17,540 - Kisi tespit edildi (ID = 419)
2026-03-02 10:51:18,039 - Kisi tespit edildi (ID = 420)
2026-03-02 10:51:18,669 - Kisi tespit edildi (ID = 421)
2026-03-02 10:51:18,796 - Kisi tespit edildi (ID = 422)
2026-03-02 10:51:19,199 - IHLAL BASLADI (ID=244,tur = hareketsiz)
2026-03-02 10:51:19,295 - Kisi tespit edildi (ID = 423)
2026-03-02 10:51:19,441 - Kisi tespit edildi (ID = 424)
2026-03-02 10:51:19,548 - Kisi tespit edildi (ID = 425)
2026-03-02 10:51:19,582 - IHLAL BASLADI (ID=417,tur = hareketsiz)
2026-03-02 10:51:19,725 - Kisi tespit edildi (ID = 426)
2026-03-02 10:51:19,942 - Kisi tespit edildi (ID = 427)
2026-03-02 10:51:20,336 - Kisi tespit edildi (ID = 428)
2026-03-02 10:51:20,526 - Kisi tespit edildi (ID = 429)
2026-03-02 10:51:20,676 - IHLAL BITTI (ID = 244,tur=hareketsiz)
2026-03-02 10:51:20,892 - Kisi tespit edildi (ID = 430)
2026-03-02 10:51:21,442 - Kisi tespit edildi (ID = 431)
2026-03-02 10:51:23,389 - Kisi tespit edildi (ID = 432)
2026-03-02 10:51:24,188 - Kisi tespit edildi (ID = 433)
2026-03-02 10:51:26,231 - IHLAL BASLADI (ID=433,tur = hareketsiz)
2026-03-02 10:51:27,910 - Kisi tespit edildi (ID = 434)
2026-03-02 10:51:29,134 - IHLAL BITTI (ID = 417,tur=hareketsiz)
2026-03-02 10:51:29,968 - IHLAL BASLADI (ID=434,tur = hareketsiz)
2026-03-02 10:51:30,398 - Kisi tespit edildi (ID = 435)
2026-03-02 10:51:30,495 - Kisi tespit edildi (ID = 436)
2026-03-02 10:51:31,171 - IHLAL BASLADI (ID=417,tur = hareketsiz)
2026-03-02 10:51:32,575 - IHLAL BASLADI (ID=436,tur = hareketsiz)
2026-03-02 10:51:33,072 - Kisi tespit edildi (ID = 437)
2026-03-02 10:51:35,104 - IHLAL BASLADI (ID=437,tur = hareketsiz)
2026-03-02 10:51:35,473 - IHLAL BITTI (ID = 417,tur=hareketsiz)
2026-03-02 10:51:35,605 - Kisi tespit edildi (ID = 438)
2026-03-02 10:51:35,775 - Kisi tespit edildi (ID = 439)
2026-03-02 10:51:35,871 - Kisi tespit edildi (ID = 440)
2026-03-02 10:51:36,063 - Kisi tespit edildi (ID = 441)
2026-03-02 10:51:36,208 - Kisi tespit edildi (ID = 442)
2026-03-02 10:51:36,369 - Kisi tespit edildi (ID = 443)
2026-03-02 10:51:36,400 - Kisi tespit edildi (ID = 444)
2026-03-02 10:51:36,463 - Kisi tespit edildi (ID = 445)
2026-03-02 10:51:38,859 - Kisi tespit edildi (ID = 446)
2026-03-02 10:51:38,992 - Kisi tespit edildi (ID = 447)
2026-03-02 10:51:40,240 - IHLAL BASLADI (ID=417,tur = hareketsiz)
2026-03-02 10:51:41,031 - IHLAL BASLADI (ID=447,tur = hareketsiz)
2026-03-02 10:51:41,563 - IHLAL BITTI (ID = 417,tur=hareketsiz)
2026-03-02 10:51:44,501 - IHLAL BASLADI (ID=244,tur = hareketsiz)
2026-03-02 10:51:44,666 - IHLAL BASLADI (ID=417,tur = hareketsiz)
2026-03-02 10:51:49,262 - IHLAL BITTI (ID = 417,tur=hareketsiz)
2026-03-02 10:51:50,973 - IHLAL BITTI (ID = 244,tur=hareketsiz)
2026-03-02 10:51:51,414 - IHLAL BITTI (ID = 447,tur=hareketsiz)
2026-03-02 10:51:51,695 - Kisi tespit edildi (ID = 448)
2026-03-02 10:51:51,935 - Kisi tespit edildi (ID = 449)
2026-03-02 10:51:52,094 - Kisi tespit edildi (ID = 450)
2026-03-02 10:51:52,183 - Kisi tespit edildi (ID = 451)
2026-03-02 10:51:52,353 - Kisi tespit edildi (ID = 452)
2026-03-02 10:51:52,417 - Kisi tespit edildi (ID = 453)
2026-03-02 10:51:52,477 - Kisi tespit edildi (ID = 454)
2026-03-02 10:51:52,608 - Kisi tespit edildi (ID = 455)
2026-03-02 10:51:52,710 - Kisi tespit edildi (ID = 456)
2026-03-02 10:51:52,809 - Kisi tespit edildi (ID = 457)
2026-03-02 10:51:52,842 - Kisi tespit edildi (ID = 458)
2026-03-02 10:51:53,177 - Kisi tespit edildi (ID = 459)
2026-03-02 10:51:53,533 - Kisi tespit edildi (ID = 460)
2026-03-02 10:51:55,870 - IHLAL BASLADI (ID=459,tur = hareketsiz)
2026-03-02 10:51:56,029 - IHLAL BITTI (ID = 459,tur=hareketsiz)
2026-03-02 10:51:57,103 - IHLAL BASLADI (ID=460,tur = hareketsiz)
2026-03-02 10:51:57,935 - Kisi tespit edildi (ID = 461)
2026-03-02 10:51:58,092 - IHLAL BASLADI (ID=459,tur = hareketsiz)
2026-03-02 10:51:58,126 - Kisi tespit edildi (ID = 462)
2026-03-02 10:51:58,463 - Kisi tespit edildi (ID = 463)
2026-03-02 10:51:58,641 - Kisi tespit edildi (ID = 464)
2026-03-02 10:51:59,229 - Kisi tespit edildi (ID = 465)
2026-03-02 10:52:02,996 - Kisi tespit edildi (ID = 466)
2026-03-02 10:52:03,067 - Kisi tespit edildi (ID = 467)
2026-03-02 10:52:05,327 - IHLAL BASLADI (ID=467,tur = hareketsiz)
2026-03-02 10:52:05,468 - IHLAL BITTI (ID = 467,tur=hareketsiz)
2026-03-02 10:52:05,702 - IHLAL BITTI (ID = 459,tur=hareketsiz)
2026-03-02 10:52:06,701 - Kisi tespit edildi (ID = 468)
2026-03-02 10:52:06,768 - Kisi tespit edildi (ID = 469)
2026-03-02 10:52:07,962 - Kisi tespit edildi (ID = 470)
2026-03-02 10:52:08,093 - Kisi tespit edildi (ID = 471)
2026-03-02 10:52:08,293 - Kisi tespit edildi (ID = 472)
2026-03-02 10:52:08,474 - Kisi tespit edildi (ID = 473)
2026-03-02 10:52:08,641 - Kisi tespit edildi (ID = 474)
2026-03-02 10:52:08,736 - Kisi tespit edildi (ID = 475)
2026-03-02 10:52:08,928 - Kisi tespit edildi (ID = 476)
2026-03-02 10:52:09,030 - Kisi tespit edildi (ID = 477)
2026-03-02 10:52:09,098 - Kisi tespit edildi (ID = 478)
2026-03-02 10:52:09,805 - Kisi tespit edildi (ID = 479)
2026-03-02 10:52:10,902 - Kisi tespit edildi (ID = 480)
2026-03-02 10:52:11,396 - Kisi tespit edildi (ID = 481)
2026-03-02 10:52:11,498 - Kisi tespit edildi (ID = 482)
2026-03-02 10:52:11,655 - Kisi tespit edildi (ID = 483)
2026-03-02 10:52:11,861 - Kisi tespit edildi (ID = 484)
2026-03-02 20:34:09,958 - Sistem basladi
2026-03-02 20:34:16,471 - Kisi tespit edildi (ID = 0)
2026-03-02 20:34:18,635 - IHLAL BASLADI (ID=0,tur = hareketsiz)
2026-03-02 20:34:21,968 - IHLAL BITTI (ID = 0,tur=hareketsiz)
2026-03-02 20:34:30,598 - IHLAL BASLADI (ID=0,tur = hareketsiz)
2026-03-02 20:34:31,400 - IHLAL BITTI (ID = 0,tur=hareketsiz)
2026-03-02 20:34:35,377 - IHLAL BASLADI (ID=0,tur = hareketsiz)
2026-03-02 20:34:36,857 - IHLAL BITTI (ID = 0,tur=hareketsiz)
2026-03-02 20:34:38,904 - IHLAL BASLADI (ID=0,tur = hareketsiz)
2026-03-02 20:42:21,532 - Sistem basladi
2026-03-02 20:42:26,209 - Kisi tespit edildi (ID = 0)
2026-03-02 20:42:28,302 - IHLAL BASLADI (ID=0,tur = hareketsiz)
2026-03-02 20:42:37,324 - IHLAL BITTI (ID = 0,tur=hareketsiz)
2026-03-02 20:43:02,214 - Sistem basladi
2026-03-02 20:43:07,096 - Kisi tespit edildi (ID = 0)
2026-03-02 20:43:09,184 - IHLAL BASLADI (ID=0,tur = hareketsiz)
2026-03-02 20:43:13,939 - IHLAL BITTI (ID = 0,tur=hareketsiz)
2026-03-02 20:43:22,661 - IHLAL BASLADI (ID=0,tur = hareketsiz)
2026-03-02 20:43:25,338 - IHLAL BITTI (ID = 0,tur=hareketsiz)
2026-03-02 20:43:28,850 - IHLAL BASLADI (ID=0,tur = hareketsiz)
2026-03-02 20:43:35,088 - IHLAL BITTI (ID = 0,tur=hareketsiz)
2026-03-02 20:43:52,129 - Sistem basladi
2026-03-02 20:43:56,899 - Kisi tespit edildi (ID = 0)
2026-03-02 20:43:58,990 - IHLAL BASLADI (ID=0,tur = hareketsiz)
2026-03-02 20:44:19,201 - IHLAL BITTI (ID = 0,tur=hareketsiz)
2026-03-02 20:44:34,620 - Sistem basladi
2026-03-02 20:44:39,364 - Kisi tespit edildi (ID = 0)
2026-03-02 20:44:41,454 - IHLAL BASLADI (ID=0,tur = hareketsiz)
2026-03-02 20:44:44,065 - IHLAL BITTI (ID = 0,tur=hareketsiz)
2026-03-02 20:44:53,848 - Kisi tespit edildi (ID = 1)
2026-03-02 20:44:54,053 - Kisi tespit edildi (ID = 2)
2026-03-02 20:44:55,443 - Kisi tespit edildi (ID = 3)
2026-03-02 20:44:55,578 - Kisi tespit edildi (ID = 4)
